# JRE version: OpenJDK Runtime Environment (11.0.9.1+1) (build 11.0.9.1+1-Ubuntu-0ubuntu1.18.04)
# Java VM: OpenJDK 64-Bit Server VM (11.0.9.1+1-Ubuntu-0ubuntu1.18.04, mixed mode, sharing, tiered, compressed oops, g1 gc, linux-amd64)
Heap:
 garbage-first heap   total 20480K, used 7740K [0x0000000706600000, 0x0000000800000000)
  region size 1024K, 4 young (4096K), 0 survivors (0K)
 Metaspace       used 11481K, capacity 12885K, committed 13184K, reserved 1060864K
  class space    used 1273K, capacity 1570K, committed 1664K, reserved 1048576K
GC Heap History (6 events):
Event: 0.338 GC heap before
{Heap before GC invocations=0 (full 0):
 garbage-first heap   total 258048K, used 15048K [0x0000000706600000, 0x0000000800000000)
  region size 1024K, 14 young (14336K), 0 survivors (0K)
 Metaspace       used 4373K, capacity 6685K, committed 7040K, reserved 1056768K
  class space    used 518K, capacity 778K, committed 896K, reserved 1048576K
}
Event: 0.346 GC heap after
{Heap after GC invocations=1 (full 0):
 garbage-first heap   total 258048K, used 2889K [0x0000000706600000, 0x0000000800000000)
  region size 1024K, 2 young (2048K), 2 survivors (2048K)
 Metaspace       used 4373K, capacity 6685K, committed 7040K, reserved 1056768K
  class space    used 518K, capacity 778K, committed 896K, reserved 1048576K
}
Event: 1.180 GC heap before
{Heap before GC invocations=1 (full 0):
 garbage-first heap   total 258048K, used 74569K [0x0000000706600000, 0x0000000800000000)
  region size 1024K, 73 young (74752K), 2 survivors (2048K)
 Metaspace       used 11056K, capacity 12531K, committed 12800K, reserved 1060864K
  class space    used 1215K, capacity 1517K, committed 1536K, reserved 1048576K
}
Event: 1.198 GC heap after
{Heap after GC invocations=2 (full 1):
 garbage-first heap   total 24576K, used 4734K [0x0000000706600000, 0x0000000800000000)
  region size 1024K, 0 young (0K), 0 survivors (0K)
 Metaspace       used 11056K, capacity 12531K, committed 12800K, reserved 1060864K
  class space    used 1215K, capacity 1517K, committed 1536K, reserved 1048576K
}
Event: 1.249 GC heap before
{Heap before GC invocations=2 (full 1):
 garbage-first heap   total 24576K, used 4734K [0x0000000706600000, 0x0000000800000000)
  region size 1024K, 1 young (1024K), 0 survivors (0K)
 Metaspace       used 11068K, capacity 12531K, committed 12800K, reserved 1060864K
  class space    used 1217K, capacity 1517K, committed 1536K, reserved 1048576K
}
Event: 1.257 GC heap after
{Heap after GC invocations=3 (full 2):
 garbage-first heap   total 20480K, used 4668K [0x0000000706600000, 0x0000000800000000)
  region size 1024K, 0 young (0K), 0 survivors (0K)
 Metaspace       used 11068K, capacity 12531K, committed 12800K, reserved 1060864K
  class space    used 1217K, capacity 1517K, committed 1536K, reserved 1048576K
}

